[0m22:45:10.074664 [debug] [MainThread]: Sending event: {'category': 'dbt', 'action': 'invocation', 'label': 'start', 'context': [<snowplow_tracker.self_describing_json.SelfDescribingJson object at 0x10d927440>, <snowplow_tracker.self_describing_json.SelfDescribingJson object at 0x10d9a74d0>, <snowplow_tracker.self_describing_json.SelfDescribingJson object at 0x10d9a7440>]}


============================== 22:45:10.077835 | 57284642-bba4-4a60-b6b4-83601e3b037e ==============================
[0m22:45:10.077835 [info ] [MainThread]: Running with dbt=1.11.7
[0m22:45:10.078192 [debug] [MainThread]: running dbt with arguments {'printer_width': '80', 'log_path': 'logs', 'log_format': 'default', 'warn_error_options': 'WarnErrorOptionsV2(error=[], warn=[], silence=[])', 'indirect_selection': 'eager', 'write_json': 'True', 'invocation_command': 'dbt init', 'no_print': 'None', 'send_anonymous_usage_stats': 'True', 'empty': 'None', 'fail_fast': 'False', 'use_colors': 'True', 'use_experimental_parser': 'False', 'log_cache_events': 'False', 'cache_selected_only': 'False', 'version_check': 'True', 'debug': 'False', 'static_parser': 'True', 'target_path': 'None', 'profiles_dir': '/Users/nikolas/.dbt', 'warn_error': 'None', 'introspect': 'True', 'partial_parse': 'True', 'quiet': 'False'}
[0m22:45:10.087917 [error] [MainThread]: Encountered an error:

[0m22:45:10.090017 [error] [MainThread]: Traceback (most recent call last):
  File "/Users/nikolas/.pyenv/versions/3.12.7/lib/python3.12/site-packages/dbt/cli/requires.py", line 182, in wrapper
    result, success = func(*args, **kwargs)
                      ^^^^^^^^^^^^^^^^^^^^^
  File "/Users/nikolas/.pyenv/versions/3.12.7/lib/python3.12/site-packages/dbt/cli/requires.py", line 128, in wrapper
    return func(*args, **kwargs)
           ^^^^^^^^^^^^^^^^^^^^^
  File "/Users/nikolas/.pyenv/versions/3.12.7/lib/python3.12/site-packages/dbt/cli/main.py", line 483, in init
    results = task.run()
              ^^^^^^^^^^
  File "/Users/nikolas/.pyenv/versions/3.12.7/lib/python3.12/site-packages/dbt/task/init.py", line 324, in run
    project_name = self.get_valid_project_name()
                   ^^^^^^^^^^^^^^^^^^^^^^^^^^^^^
  File "/Users/nikolas/.pyenv/versions/3.12.7/lib/python3.12/site-packages/dbt/task/init.py", line 278, in get_valid_project_name
    name = click.prompt("Enter a name for your project (letters, digits, underscore)")
           ^^^^^^^^^^^^^^^^^^^^^^^^^^^^^^^^^^^^^^^^^^^^^^^^^^^^^^^^^^^^^^^^^^^^^^^^^^^
  File "/Users/nikolas/.pyenv/versions/3.12.7/lib/python3.12/site-packages/click/termui.py", line 171, in prompt
    value = prompt_func(prompt)
            ^^^^^^^^^^^^^^^^^^^
  File "/Users/nikolas/.pyenv/versions/3.12.7/lib/python3.12/site-packages/click/termui.py", line 154, in prompt_func
    raise Abort() from None
click.exceptions.Abort

[0m22:45:10.092367 [debug] [MainThread]: Resource report: {"command_name": "init", "command_success": false, "command_wall_clock_time": 0.062536165, "process_in_blocks": "0", "process_kernel_time": 0.153813, "process_mem_max_rss": "123928576", "process_out_blocks": "0", "process_user_time": 1.535598}
[0m22:45:10.092705 [debug] [MainThread]: Command `dbt init` failed at 22:45:10.092641 after 0.06 seconds
[0m22:45:10.092933 [debug] [MainThread]: Sending event: {'category': 'dbt', 'action': 'invocation', 'label': 'end', 'context': [<snowplow_tracker.self_describing_json.SelfDescribingJson object at 0x10e39e270>, <snowplow_tracker.self_describing_json.SelfDescribingJson object at 0x10e5ab800>, <snowplow_tracker.self_describing_json.SelfDescribingJson object at 0x10e5ab890>]}
[0m22:45:10.093140 [debug] [MainThread]: Flushing usage events
[0m22:45:10.709526 [debug] [MainThread]: An error was encountered while trying to flush usage events
[0m22:45:16.430789 [debug] [MainThread]: Sending event: {'category': 'dbt', 'action': 'invocation', 'label': 'start', 'context': [<snowplow_tracker.self_describing_json.SelfDescribingJson object at 0x10d3565d0>, <snowplow_tracker.self_describing_json.SelfDescribingJson object at 0x10dfdec30>, <snowplow_tracker.self_describing_json.SelfDescribingJson object at 0x10dfde780>]}


============================== 22:45:16.433815 | 4be771f4-d07e-4ad8-b7f3-66a5ac09c7f9 ==============================
[0m22:45:16.433815 [info ] [MainThread]: Running with dbt=1.11.7
[0m22:45:16.434156 [debug] [MainThread]: running dbt with arguments {'use_experimental_parser': 'False', 'profiles_dir': '/Users/nikolas/.dbt', 'log_cache_events': 'False', 'empty': 'None', 'static_parser': 'True', 'printer_width': '80', 'version_check': 'True', 'target_path': 'None', 'indirect_selection': 'eager', 'fail_fast': 'False', 'write_json': 'True', 'no_print': 'None', 'log_path': 'logs', 'quiet': 'False', 'invocation_command': 'dbt init my_dbt_project --skip-profile-setup', 'use_colors': 'True', 'debug': 'False', 'cache_selected_only': 'False', 'log_format': 'default', 'send_anonymous_usage_stats': 'True', 'warn_error_options': 'WarnErrorOptionsV2(error=[], warn=[], silence=[])', 'introspect': 'True', 'warn_error': 'None', 'partial_parse': 'True'}
[0m22:45:16.442919 [debug] [MainThread]: Starter project path: /Users/nikolas/.pyenv/versions/3.12.7/lib/python3.12/site-packages/dbt/include/starter_project
[0m22:45:16.446968 [info ] [MainThread]: 
Your new dbt project "my_dbt_project" was created!

For more information on how to configure the profiles.yml file,
please consult the dbt documentation here:

  https://docs.getdbt.com/docs/configure-your-profile

One more thing:

Need help? Don't hesitate to reach out to us via GitHub issues or on Slack:

  https://community.getdbt.com/

Happy modeling!

[0m22:45:16.448835 [debug] [MainThread]: Resource report: {"command_name": "init", "command_success": true, "command_wall_clock_time": 0.06132775, "process_in_blocks": "0", "process_kernel_time": 0.12463, "process_mem_max_rss": "125698048", "process_out_blocks": "0", "process_user_time": 1.507479}
[0m22:45:16.449163 [debug] [MainThread]: Command `dbt init` succeeded at 22:45:16.449103 after 0.06 seconds
[0m22:45:16.449373 [debug] [MainThread]: Sending event: {'category': 'dbt', 'action': 'invocation', 'label': 'end', 'context': [<snowplow_tracker.self_describing_json.SelfDescribingJson object at 0x10e009310>, <snowplow_tracker.self_describing_json.SelfDescribingJson object at 0x10e008b00>, <snowplow_tracker.self_describing_json.SelfDescribingJson object at 0x10e051550>]}
[0m22:45:16.449575 [debug] [MainThread]: Flushing usage events
[0m22:45:16.997389 [debug] [MainThread]: An error was encountered while trying to flush usage events
[0m22:57:55.481180 [debug] [MainThread]: Sending event: {'category': 'dbt', 'action': 'invocation', 'label': 'start', 'context': [<snowplow_tracker.self_describing_json.SelfDescribingJson object at 0x10a233140>, <snowplow_tracker.self_describing_json.SelfDescribingJson object at 0x10a9e0740>, <snowplow_tracker.self_describing_json.SelfDescribingJson object at 0x10a9e0350>]}


============================== 22:57:55.486368 | cdcb2de0-2010-4253-9c2d-666a25720c93 ==============================
[0m22:57:55.486368 [info ] [MainThread]: Running with dbt=1.11.7
[0m22:57:55.486836 [debug] [MainThread]: running dbt with arguments {'warn_error': 'None', 'invocation_command': 'dbt deps', 'use_colors': 'True', 'debug': 'False', 'indirect_selection': 'eager', 'partial_parse': 'True', 'send_anonymous_usage_stats': 'True', 'static_parser': 'True', 'target_path': 'None', 'log_cache_events': 'False', 'log_format': 'default', 'no_print': 'None', 'fail_fast': 'False', 'printer_width': '80', 'write_json': 'True', 'warn_error_options': 'WarnErrorOptionsV2(error=[], warn=[], silence=[])', 'quiet': 'False', 'introspect': 'True', 'log_path': 'logs', 'profiles_dir': '/Users/nikolas/.dbt', 'empty': 'None', 'cache_selected_only': 'False', 'version_check': 'True', 'use_experimental_parser': 'False'}
[0m22:57:55.487379 [error] [MainThread]: Encountered an error:
Runtime Error
  No dbt_project.yml found at expected path /Users/nikolas/Downloads/dbt-airflow-snowflake-etl/dbt_project.yml
  Verify that each entry within packages.yml (and their transitive dependencies) contains a file named dbt_project.yml
  
[0m22:57:55.489301 [debug] [MainThread]: Resource report: {"command_name": "deps", "command_success": false, "command_wall_clock_time": 0.073558874, "process_in_blocks": "0", "process_kernel_time": 0.176889, "process_mem_max_rss": "123486208", "process_out_blocks": "0", "process_user_time": 1.820386}
[0m22:57:55.489644 [debug] [MainThread]: Command `dbt deps` failed at 22:57:55.489582 after 0.07 seconds
[0m22:57:55.489862 [debug] [MainThread]: Sending event: {'category': 'dbt', 'action': 'invocation', 'label': 'end', 'context': [<snowplow_tracker.self_describing_json.SelfDescribingJson object at 0x10a958fb0>, <snowplow_tracker.self_describing_json.SelfDescribingJson object at 0x10a958d70>, <snowplow_tracker.self_describing_json.SelfDescribingJson object at 0x109da6a80>]}
[0m22:57:55.490066 [debug] [MainThread]: Flushing usage events
[0m22:57:56.049032 [debug] [MainThread]: An error was encountered while trying to flush usage events
